[18400:259:0215/154603.165878:INFO:chrome_browser_cloud_management_controller.cc(196)] No machine level policy manager exists.
[18400:259:0215/154606.265602:INFO:CONSOLE(1)] "Warning: Component with name Placeholderis not available. Returning a fallback View", source: https://static-assets-web.flixcart.com/batman-returns/batman-returns/p/CrossCommon.72c0af.js (1)
[18400:259:0215/154606.278905:INFO:CONSOLE(1)] "Warning: Component with name GifViewis not available. Returning a fallback View", source: https://static-assets-web.flixcart.com/batman-returns/batman-returns/p/CrossCommon.72c0af.js (1)
[18400:259:0215/154606.279030:INFO:CONSOLE(1)] "Warning: Component with name LiveVideoViewis not available. Returning a fallback View", source: https://static-assets-web.flixcart.com/batman-returns/batman-returns/p/CrossCommon.72c0af.js (1)
[18400:259:0215/154606.285474:INFO:CONSOLE(1)] "Warning: Component with name RNShimmeringViewis not available. Returning a fallback View", source: https://static-assets-web.flixcart.com/batman-returns/batman-returns/p/CrossCommon.72c0af.js (1)
[18400:259:0215/154606.381798:INFO:CONSOLE(1)] "setNativeProps is deprecated. Please update props using React state instead.", source: https://static-assets-web.flixcart.com/batman-returns/batman-returns/p/CrossCommon.72c0af.js (1)
[18400:259:0215/154606.776747:INFO:CONSOLE(0)] "<meta name="apple-mobile-web-app-capable" content="yes"> is deprecated. Please include <meta name="mobile-web-app-capable" content="yes">", source: https://www.flipkart.com/ (0)
[18400:259:0215/154607.141477:INFO:CONSOLE(1383)] "ServiceWorker registration successful with scope:  https://www.flipkart.com/", source: https://www.flipkart.com/ (1383)
[18400:259:0215/154607.147660:INFO:CONSOLE(1412)] "Sync registration successfull for web push Heart beat", source: https://www.flipkart.com/ (1412)
[18400:259:0215/154612.020331:INFO:CONSOLE(1)] "[object Object] ContextStore", source: https://static-assets-web.flixcart.com/fk-p-linchpin-web/fk-cp-zion/js/app.chunk.55b613fb.js (1)
[18400:259:0215/154612.081824:INFO:CONSOLE(1)] "Flipkart ♥'s web", source: https://static-assets-web.flixcart.com/fk-p-linchpin-web/fk-cp-zion/js/app.chunk.55b613fb.js (1)
[18400:259:0215/154612.098504:INFO:CONSOLE(1)] "[object Object] NewApiCaller:fetchWithContextAndTimeout", source: https://static-assets-web.flixcart.com/fk-p-linchpin-web/fk-cp-zion/js/app.chunk.55b613fb.js (1)
[18400:259:0215/154612.098897:INFO:CONSOLE(82)] "ServiceWorker registration successful with scope:  https://www.flipkart.com/", source: https://www.flipkart.com/search?q=macbook+air+m2+16+gb&as=on&as-show=on&otracker=AS_Query_OrganicAutoSuggest_4_14_na_na_na&otracker1=AS_Query_OrganicAutoSuggest_4_14_na_na_na&as-pos=4&as-type=RECENT&suggestionId=macbook+air+m2+16+gb&requestId=ef1767fb-513e-4042-8c63-1797e69efa79&as-searchtext=macbook%20air%20m2%2016%20gb (82)
[18400:259:0215/154612.159670:INFO:CONSOLE(1)] "[object Object] NewApiCaller:fetchWithContextAndTimeout", source: https://static-assets-web.flixcart.com/fk-p-linchpin-web/fk-cp-zion/js/app.chunk.55b613fb.js (1)
[18400:259:0215/154612.160200:INFO:CONSOLE(1)] "[object Object] NewApiCaller:fetchWithContextAndTimeout", source: https://static-assets-web.flixcart.com/fk-p-linchpin-web/fk-cp-zion/js/app.chunk.55b613fb.js (1)
[18400:259:0215/154612.215745:INFO:CONSOLE(1)] "[object Object] NewApiCaller:handleDCRedirect", source: https://static-assets-web.flixcart.com/fk-p-linchpin-web/fk-cp-zion/js/app.chunk.55b613fb.js (1)
[18400:259:0215/154612.216075:INFO:CONSOLE(1)] "[object Object] NewApiCaller:handleDCRedirect", source: https://static-assets-web.flixcart.com/fk-p-linchpin-web/fk-cp-zion/js/app.chunk.55b613fb.js (1)
[18400:259:0215/154612.216193:INFO:CONSOLE(1)] "[object Object] ApiCaller:Context:updateHostnameFromPromise:dc change", source: https://static-assets-web.flixcart.com/fk-p-linchpin-web/fk-cp-zion/js/app.chunk.55b613fb.js (1)
[18400:259:0215/154612.216410:INFO:CONSOLE(1)] "[object Object] ContextStore:setHostname", source: https://static-assets-web.flixcart.com/fk-p-linchpin-web/fk-cp-zion/js/app.chunk.55b613fb.js (1)
[18400:259:0215/154612.216781:INFO:CONSOLE(1)] "[object Object] NewApiCaller:fetchWithContextAndTimeout", source: https://static-assets-web.flixcart.com/fk-p-linchpin-web/fk-cp-zion/js/app.chunk.55b613fb.js (1)
[18400:259:0215/154612.216987:INFO:CONSOLE(1)] "[object Object] ApiCaller:Context:updateHostnameFromPromise:dc change", source: https://static-assets-web.flixcart.com/fk-p-linchpin-web/fk-cp-zion/js/app.chunk.55b613fb.js (1)
[18400:259:0215/154612.217034:INFO:CONSOLE(1)] "[object Object] ContextStore:setHostname", source: https://static-assets-web.flixcart.com/fk-p-linchpin-web/fk-cp-zion/js/app.chunk.55b613fb.js (1)
[18400:259:0215/154612.217270:INFO:CONSOLE(1)] "[object Object] NewApiCaller:fetchWithContextAndTimeout", source: https://static-assets-web.flixcart.com/fk-p-linchpin-web/fk-cp-zion/js/app.chunk.55b613fb.js (1)
[18400:259:0215/154612.260571:INFO:CONSOLE(1)] "[object Object] NewApiCaller:handleDCRedirect", source: https://static-assets-web.flixcart.com/fk-p-linchpin-web/fk-cp-zion/js/app.chunk.55b613fb.js (1)
[18400:259:0215/154612.260807:INFO:CONSOLE(1)] "[object Object] NewApiCaller:trackRequestFinish", source: https://static-assets-web.flixcart.com/fk-p-linchpin-web/fk-cp-zion/js/app.chunk.55b613fb.js (1)
[18400:259:0215/154612.261430:INFO:CONSOLE(1)] "[object Object] NewApiCaller:parseBody", source: https://static-assets-web.flixcart.com/fk-p-linchpin-web/fk-cp-zion/js/app.chunk.55b613fb.js (1)
[18400:259:0215/154612.261646:INFO:CONSOLE(1)] "[object Object] NewApiCaller:trackRequestFinish", source: https://static-assets-web.flixcart.com/fk-p-linchpin-web/fk-cp-zion/js/app.chunk.55b613fb.js (1)
[18400:259:0215/154612.292769:INFO:CONSOLE(1)] "[object Object] NewApiCaller:trackRequestFinish", source: https://static-assets-web.flixcart.com/fk-p-linchpin-web/fk-cp-zion/js/app.chunk.55b613fb.js (1)
[18400:259:0215/154612.838568:INFO:CONSOLE(1)] "[object Object] NewApiCaller:fetchWithContextAndTimeout", source: https://static-assets-web.flixcart.com/fk-p-linchpin-web/fk-cp-zion/js/app.chunk.55b613fb.js (1)
[18400:259:0215/154612.886548:INFO:CONSOLE(1)] "[object Object] NewApiCaller:handleDCRedirect", source: https://static-assets-web.flixcart.com/fk-p-linchpin-web/fk-cp-zion/js/app.chunk.55b613fb.js (1)
[18400:259:0215/154612.886591:INFO:CONSOLE(1)] "[object Object] NewApiCaller:trackRequestFinish", source: https://static-assets-web.flixcart.com/fk-p-linchpin-web/fk-cp-zion/js/app.chunk.55b613fb.js (1)
[18400:259:0215/154613.883254:WARNING:controller_impl.cc(1187)] Background download complete, client: 6, completion type: 0, file size:5184
[18400:259:0215/154613.936679:INFO:CONSOLE(1)] "[object Object] ContextStore", source: https://static-assets-web.flixcart.com/fk-p-linchpin-web/fk-cp-zion/js/app.chunk.55b613fb.js (1)
[18400:259:0215/154613.996031:INFO:CONSOLE(1)] "Flipkart ♥'s web", source: https://static-assets-web.flixcart.com/fk-p-linchpin-web/fk-cp-zion/js/app.chunk.55b613fb.js (1)
[18400:259:0215/154614.007747:INFO:CONSOLE(84)] "ServiceWorker registration successful with scope:  https://www.flipkart.com/", source: https://www.flipkart.com/apple-macbook-air-m2-16-gb-256-gb-ssd-macos-sequoia-mc7x4hn-a/p/itmdc5308fa78421?pid=COMH64PY76CJKBYU&lid=LSTCOMH64PY76CJKBYUOL7TOK&marketplace=FLIPKART&q=macbook+air+m2+16+gb&store=6bo%2Fb5g&spotlightTagId=BestsellerId_6bo%2Fb5g&srno=s_1_1&otracker=AS_Query_OrganicAutoSuggest_4_14_na_na_na&otracker1=AS_Query_OrganicAutoSuggest_4_14_na_na_na&fm=search-autosuggest&iid=43681d4c-f097-45fb-87c7-2d5843cc0a6e.COMH64PY76CJKBYU.SEARCH&ppt=sp&ppn=sp&ssid=0mv1ppzgf40000001739614572126&qH=a2b96315c73f13b0 (84)
[18400:259:0215/154614.078428:INFO:CONSOLE(2)] "Warning: Component with name SwipeableComponentis not available. Returning a fallback View", source: https://static-assets-web.flixcart.com/fk-p-linchpin-web/fk-cp-zion/js/app_modules.chunk.a7ae7183.js (2)
[18400:259:0215/154614.097504:INFO:CONSOLE(2)] "Warning: Component with name MultiConditionTrackerViewis not available. Returning a fallback View", source: https://static-assets-web.flixcart.com/fk-p-linchpin-web/fk-cp-zion/js/app_modules.chunk.a7ae7183.js (2)
[18400:259:0215/154614.162341:INFO:CONSOLE(1)] "[object Object] NewApiCaller:fetchWithContextAndTimeout", source: https://static-assets-web.flixcart.com/fk-p-linchpin-web/fk-cp-zion/js/app.chunk.55b613fb.js (1)
[18400:259:0215/154614.164931:INFO:CONSOLE(1)] "[object Object] NewApiCaller:fetchWithContextAndTimeout", source: https://static-assets-web.flixcart.com/fk-p-linchpin-web/fk-cp-zion/js/app.chunk.55b613fb.js (1)
[18400:259:0215/154614.215530:INFO:CONSOLE(1)] "[object Object] NewApiCaller:handleDCRedirect", source: https://static-assets-web.flixcart.com/fk-p-linchpin-web/fk-cp-zion/js/app.chunk.55b613fb.js (1)
[18400:259:0215/154614.215838:INFO:CONSOLE(1)] "[object Object] ApiCaller:Context:updateHostnameFromPromise:dc change", source: https://static-assets-web.flixcart.com/fk-p-linchpin-web/fk-cp-zion/js/app.chunk.55b613fb.js (1)
[18400:259:0215/154614.215949:INFO:CONSOLE(1)] "[object Object] ContextStore:setHostname", source: https://static-assets-web.flixcart.com/fk-p-linchpin-web/fk-cp-zion/js/app.chunk.55b613fb.js (1)
[18400:259:0215/154614.216319:INFO:CONSOLE(1)] "[object Object] NewApiCaller:fetchWithContextAndTimeout", source: https://static-assets-web.flixcart.com/fk-p-linchpin-web/fk-cp-zion/js/app.chunk.55b613fb.js (1)
[18400:259:0215/154614.218173:WARNING:controller_impl.cc(1187)] Background download complete, client: 6, completion type: 0, file size:265059
[18400:259:0215/154614.244923:INFO:CONSOLE(1)] "[object Object] NewApiCaller:handleDCRedirect", source: https://static-assets-web.flixcart.com/fk-p-linchpin-web/fk-cp-zion/js/app.chunk.55b613fb.js (1)
[18400:259:0215/154614.245112:INFO:CONSOLE(1)] "[object Object] ApiCaller:Context:updateHostnameFromPromise:dc change", source: https://static-assets-web.flixcart.com/fk-p-linchpin-web/fk-cp-zion/js/app.chunk.55b613fb.js (1)
[18400:259:0215/154614.245189:INFO:CONSOLE(1)] "[object Object] ContextStore:setHostname", source: https://static-assets-web.flixcart.com/fk-p-linchpin-web/fk-cp-zion/js/app.chunk.55b613fb.js (1)
[18400:259:0215/154614.245510:INFO:CONSOLE(1)] "[object Object] NewApiCaller:fetchWithContextAndTimeout", source: https://static-assets-web.flixcart.com/fk-p-linchpin-web/fk-cp-zion/js/app.chunk.55b613fb.js (1)
[18400:259:0215/154614.255062:INFO:CONSOLE(1)] "[object Object] NewApiCaller:trackRequestFinish", source: https://static-assets-web.flixcart.com/fk-p-linchpin-web/fk-cp-zion/js/app.chunk.55b613fb.js (1)
[18400:259:0215/154614.403898:INFO:CONSOLE(1)] "[object Object] NewApiCaller:trackRequestFinish", source: https://static-assets-web.flixcart.com/fk-p-linchpin-web/fk-cp-zion/js/app.chunk.55b613fb.js (1)
[18400:259:0215/154614.524153:WARNING:controller_impl.cc(1187)] Background download complete, client: 6, completion type: 0, file size:883094
[18400:259:0215/154614.907828:WARNING:controller_impl.cc(1187)] Background download complete, client: 6, completion type: 0, file size:45159
[18400:259:0215/154615.929747:WARNING:controller_impl.cc(1187)] Background download complete, client: 6, completion type: 0, file size:2992963
[18400:259:0215/154616.461621:WARNING:controller_impl.cc(1187)] Background download complete, client: 6, completion type: 0, file size:2747169
[18400:259:0215/154616.627698:WARNING:controller_impl.cc(1187)] Background download complete, client: 6, completion type: 0, file size:4680
[18400:259:0215/154617.048181:WARNING:controller_impl.cc(1187)] Background download complete, client: 6, completion type: 0, file size:118577
[18400:259:0215/154617.486436:WARNING:controller_impl.cc(1187)] Background download complete, client: 6, completion type: 0, file size:2200227
[18400:259:0215/154617.603205:INFO:CONSOLE(1)] "[object Object] NewApiCaller:fetchWithContextAndTimeout", source: https://static-assets-web.flixcart.com/fk-p-linchpin-web/fk-cp-zion/js/app.chunk.55b613fb.js (1)
[18400:259:0215/154617.603964:INFO:CONSOLE(1)] "[object Object] NewApiCaller:fetchWithContextAndTimeout", source: https://static-assets-web.flixcart.com/fk-p-linchpin-web/fk-cp-zion/js/app.chunk.55b613fb.js (1)
[18400:259:0215/154617.655707:INFO:CONSOLE(1)] "[object Object] NewApiCaller:handleDCRedirect", source: https://static-assets-web.flixcart.com/fk-p-linchpin-web/fk-cp-zion/js/app.chunk.55b613fb.js (1)
[18400:259:0215/154617.655796:INFO:CONSOLE(1)] "[object Object] NewApiCaller:trackRequestFinish", source: https://static-assets-web.flixcart.com/fk-p-linchpin-web/fk-cp-zion/js/app.chunk.55b613fb.js (1)
[18400:259:0215/154617.814425:INFO:CONSOLE(1)] "[object Object] NewApiCaller:handleDCRedirect", source: https://static-assets-web.flixcart.com/fk-p-linchpin-web/fk-cp-zion/js/app.chunk.55b613fb.js (1)
[18400:259:0215/154617.814568:INFO:CONSOLE(1)] "[object Object] NewApiCaller:trackRequestFinish", source: https://static-assets-web.flixcart.com/fk-p-linchpin-web/fk-cp-zion/js/app.chunk.55b613fb.js (1)
[18400:259:0215/154617.814797:INFO:CONSOLE(1)] "[object Object] NewApiCaller:parseBody", source: https://static-assets-web.flixcart.com/fk-p-linchpin-web/fk-cp-zion/js/app.chunk.55b613fb.js (1)
[18400:259:0215/154617.846290:INFO:CONSOLE(1)] "[object Object] NewApiCaller:fetchWithContextAndTimeout", source: https://static-assets-web.flixcart.com/fk-p-linchpin-web/fk-cp-zion/js/app.chunk.55b613fb.js (1)
[18400:259:0215/154617.850269:INFO:CONSOLE(1)] "[object Object] NewApiCaller:fetchWithContextAndTimeout", source: https://static-assets-web.flixcart.com/fk-p-linchpin-web/fk-cp-zion/js/app.chunk.55b613fb.js (1)
[18400:259:0215/154617.898624:INFO:CONSOLE(1)] "[object Object] NewApiCaller:handleDCRedirect", source: https://static-assets-web.flixcart.com/fk-p-linchpin-web/fk-cp-zion/js/app.chunk.55b613fb.js (1)
[18400:259:0215/154617.898792:INFO:CONSOLE(1)] "[object Object] NewApiCaller:trackRequestFinish", source: https://static-assets-web.flixcart.com/fk-p-linchpin-web/fk-cp-zion/js/app.chunk.55b613fb.js (1)
[18400:259:0215/154618.150960:INFO:CONSOLE(1)] "[object Object] NewApiCaller:handleDCRedirect", source: https://static-assets-web.flixcart.com/fk-p-linchpin-web/fk-cp-zion/js/app.chunk.55b613fb.js (1)
[18400:259:0215/154618.151178:INFO:CONSOLE(1)] "[object Object] NewApiCaller:trackRequestFinish", source: https://static-assets-web.flixcart.com/fk-p-linchpin-web/fk-cp-zion/js/app.chunk.55b613fb.js (1)
[18400:259:0215/154618.151462:INFO:CONSOLE(1)] "[object Object] NewApiCaller:parseBody", source: https://static-assets-web.flixcart.com/fk-p-linchpin-web/fk-cp-zion/js/app.chunk.55b613fb.js (1)
[18400:259:0215/154618.168814:INFO:CONSOLE(1)] "[object Object] NewApiCaller:fetchWithContextAndTimeout", source: https://static-assets-web.flixcart.com/fk-p-linchpin-web/fk-cp-zion/js/app.chunk.55b613fb.js (1)
[18400:259:0215/154618.181034:INFO:CONSOLE(1)] "[object Object] NewApiCaller:fetchWithContextAndTimeout", source: https://static-assets-web.flixcart.com/fk-p-linchpin-web/fk-cp-zion/js/app.chunk.55b613fb.js (1)
[18400:259:0215/154618.207073:INFO:CONSOLE(1)] "[object Object] NewApiCaller:handleDCRedirect", source: https://static-assets-web.flixcart.com/fk-p-linchpin-web/fk-cp-zion/js/app.chunk.55b613fb.js (1)
[18400:259:0215/154618.207187:INFO:CONSOLE(1)] "[object Object] NewApiCaller:trackRequestFinish", source: https://static-assets-web.flixcart.com/fk-p-linchpin-web/fk-cp-zion/js/app.chunk.55b613fb.js (1)
[18400:259:0215/154618.234906:INFO:CONSOLE(1)] "[object Object] NewApiCaller:fetchWithContextAndTimeout", source: https://static-assets-web.flixcart.com/fk-p-linchpin-web/fk-cp-zion/js/app.chunk.55b613fb.js (1)
[18400:259:0215/154618.310346:INFO:CONSOLE(1)] "[object Object] NewApiCaller:handleDCRedirect", source: https://static-assets-web.flixcart.com/fk-p-linchpin-web/fk-cp-zion/js/app.chunk.55b613fb.js (1)
[18400:259:0215/154618.310447:INFO:CONSOLE(1)] "[object Object] NewApiCaller:trackRequestFinish", source: https://static-assets-web.flixcart.com/fk-p-linchpin-web/fk-cp-zion/js/app.chunk.55b613fb.js (1)
[18400:259:0215/154618.330469:INFO:CONSOLE(1)] "[object Object] NewApiCaller:handleDCRedirect", source: https://static-assets-web.flixcart.com/fk-p-linchpin-web/fk-cp-zion/js/app.chunk.55b613fb.js (1)
[18400:259:0215/154618.330591:INFO:CONSOLE(1)] "[object Object] NewApiCaller:trackRequestFinish", source: https://static-assets-web.flixcart.com/fk-p-linchpin-web/fk-cp-zion/js/app.chunk.55b613fb.js (1)
[18400:259:0215/154618.330765:INFO:CONSOLE(1)] "[object Object] NewApiCaller:parseBody", source: https://static-assets-web.flixcart.com/fk-p-linchpin-web/fk-cp-zion/js/app.chunk.55b613fb.js (1)
[18400:259:0215/154618.599822:INFO:CONSOLE(1)] "[object Object] ContextStore", source: https://static-assets-web.flixcart.com/fk-p-linchpin-web/fk-cp-zion/js/app.chunk.55b613fb.js (1)
[18400:259:0215/154618.621044:INFO:CONSOLE(1)] "Flipkart ♥'s web", source: https://static-assets-web.flixcart.com/fk-p-linchpin-web/fk-cp-zion/js/app.chunk.55b613fb.js (1)
[18400:259:0215/154618.624583:INFO:CONSOLE(66)] "ServiceWorker registration successful with scope:  https://www.flipkart.com/", source: https://www.flipkart.com/checkout/init?view=FLIPKART&loginFlow=true (66)
[18400:259:0215/154618.687224:INFO:CONSOLE(1)] "[object Object] NewApiCaller:fetchWithContextAndTimeout", source: https://static-assets-web.flixcart.com/fk-p-linchpin-web/fk-cp-zion/js/app.chunk.55b613fb.js (1)
[18400:259:0215/154619.492681:INFO:CONSOLE(1)] "[object Object] NewApiCaller:fetchWithContextAndTimeout", source: https://static-assets-web.flixcart.com/fk-p-linchpin-web/fk-cp-zion/js/app.chunk.55b613fb.js (1)
[18400:259:0215/154619.497836:INFO:CONSOLE(1)] "[object Object] NewApiCaller:handleDCRedirect", source: https://static-assets-web.flixcart.com/fk-p-linchpin-web/fk-cp-zion/js/app.chunk.55b613fb.js (1)
[18400:259:0215/154619.507348:INFO:CONSOLE(1)] "[object Object] ApiCaller:Context:updateHostnameFromPromise:dc change", source: https://static-assets-web.flixcart.com/fk-p-linchpin-web/fk-cp-zion/js/app.chunk.55b613fb.js (1)
[18400:259:0215/154619.507422:INFO:CONSOLE(1)] "[object Object] ContextStore:setHostname", source: https://static-assets-web.flixcart.com/fk-p-linchpin-web/fk-cp-zion/js/app.chunk.55b613fb.js (1)
[18400:259:0215/154619.507439:INFO:CONSOLE(1)] "[object Object] NewApiCaller:fetchWithContextAndTimeout", source: https://static-assets-web.flixcart.com/fk-p-linchpin-web/fk-cp-zion/js/app.chunk.55b613fb.js (1)
[18400:259:0215/154619.575656:INFO:CONSOLE(1)] "[object Object] NewApiCaller:trackRequestFinish", source: https://static-assets-web.flixcart.com/fk-p-linchpin-web/fk-cp-zion/js/app.chunk.55b613fb.js (1)
[18400:259:0215/154619.883630:INFO:CONSOLE(1)] "[object Object] NewApiCaller:handleDCRedirect", source: https://static-assets-web.flixcart.com/fk-p-linchpin-web/fk-cp-zion/js/app.chunk.55b613fb.js (1)
[18400:259:0215/154619.883727:INFO:CONSOLE(1)] "[object Object] NewApiCaller:trackRequestFinish", source: https://static-assets-web.flixcart.com/fk-p-linchpin-web/fk-cp-zion/js/app.chunk.55b613fb.js (1)
[18400:259:0215/154621.199679:INFO:CONSOLE(1)] "[object Object] NewApiCaller:fetchWithContextAndTimeout", source: https://static-assets-web.flixcart.com/fk-p-linchpin-web/fk-cp-zion/js/app.chunk.55b613fb.js (1)
[18400:259:0215/154621.203388:INFO:CONSOLE(1)] "[object Object] NewApiCaller:fetchWithContextAndTimeout", source: https://static-assets-web.flixcart.com/fk-p-linchpin-web/fk-cp-zion/js/app.chunk.55b613fb.js (1)
